2024-11-26 18:34:33,208 - DEBUG - Using proactor: IocpProactor
2024-11-26 18:34:33,238 - INFO - Assets path configured: C:\Users\Aluno\Documents\Vini 4ºinfo\EuSouTheGame\assets
2024-11-26 18:34:33,238 - DEBUG - Creating new PubSubHub instance
2024-11-26 18:34:33,238 - DEBUG - Creating new PubSubHub instance
2024-11-26 18:34:33,238 - INFO - Starting up TCP server on localhost:54568
2024-11-26 18:34:33,245 - INFO - Flet app has started...
2024-11-26 18:34:33,245 - INFO - App URL: tcp://localhost:54568
2024-11-26 18:34:33,245 - INFO - Starting Flet View app...
2024-11-26 18:34:33,246 - INFO - Flet View found in: C:\Users\Aluno\AppData\Local\Programs\Python\Python312\Lib\site-packages\flet\bin\flet\flet.exe
2024-11-26 18:34:33,383 - DEBUG - Connected new TCP client
2024-11-26 18:34:33,383 - DEBUG - _on_message: {"action":"registerWebClient","payload":{"pageName":"","pageRoute":"/","pageWidth":"1264.0","pageHeight":"681.0","windowWidth":"1280.0","windowHeight":"720.0","windowTop":"10.0","windowLeft":"10.0","isPWA":"false","isWeb":"false","isDebug":"false","platform":"windows","platformBrightness":"light","media":"{\"padding\":{\"top\":0.0,\"right\":0.0,\"bottom\":0.0,\"left\":0.0},\"view_padding\":{\"top\":0.0,\"right\":0.0,\"bottom\":0.0,\"left\":0.0},\"view_insets\":{\"top\":0.0,\"right\":0.0,\"bottom\":0.0,\"left\":0.0}}","sessionId":""}}
2024-11-26 18:34:33,383 - DEBUG - __send: {"action":"registerWebClient","payload":{"session":{"id":"","controls":{"page":{"i":"page","t":"page","p":"","c":[],"route":"/","width":"1264.0","height":"681.0","windowwidth":"1280.0","windowheight":"720.0","windowtop":"10.0","windowleft":"10.0","pwa":"false","web":"false","debug":"false","platform":"windows","platformBrightness":"light","media":"{\"padding\":{\"top\":0.0,\"right\":0.0,\"bottom\":0.0,\"left\":0.0},\"view_padding\":{\"top\":0.0,\"right\":0.0,\"bottom\":0.0,\"left\":0.0},\"view_insets\":{\"top\":0.0,\"right\":0.0,\"bottom\":0.0,\"left\":0.0}}"}}},"error":"","appInactive":false}}
2024-11-26 18:34:33,383 - DEBUG - _process_command: get ['page', 'route'] {}
2024-11-26 18:34:33,383 - DEBUG - _process_command: get ['page', 'pwa'] {}
2024-11-26 18:34:33,383 - DEBUG - _process_command: get ['page', 'web'] {}
2024-11-26 18:34:33,383 - DEBUG - _process_command: get ['page', 'debug'] {}
2024-11-26 18:34:33,383 - DEBUG - _process_command: get ['page', 'platform'] {}
2024-11-26 18:34:33,384 - DEBUG - _process_command: get ['page', 'platformBrightness'] {}
2024-11-26 18:34:33,384 - DEBUG - _process_command: get ['page', 'media'] {}
2024-11-26 18:34:33,384 - DEBUG - _process_command: get ['page', 'width'] {}
2024-11-26 18:34:33,384 - DEBUG - _process_command: get ['page', 'height'] {}
2024-11-26 18:34:33,384 - DEBUG - _process_command: get ['page', 'windowWidth'] {}
2024-11-26 18:34:33,384 - DEBUG - _process_command: get ['page', 'windowHeight'] {}
2024-11-26 18:34:33,384 - DEBUG - _process_command: get ['page', 'windowTop'] {}
2024-11-26 18:34:33,384 - DEBUG - _process_command: get ['page', 'windowLeft'] {}
2024-11-26 18:34:33,384 - DEBUG - _process_command: get ['page', 'clientIP'] {}
2024-11-26 18:34:33,384 - DEBUG - _process_command: get ['page', 'clientUserAgent'] {}
2024-11-26 18:34:33,384 - INFO - App session started
2024-11-26 18:34:33,390 - DEBUG - sent to TCP: 605
2024-11-26 18:34:33,398 - INFO - Conexão ao banco de dados estabelecida.
2024-11-26 18:34:33,399 - INFO - Tabela de usuários criada ou já existe.
2024-11-26 18:34:33,411 - DEBUG - _process_command: clean ['page'] {}
2024-11-26 18:34:33,412 - DEBUG - __send: {"action":"cleanControl","payload":{"ids":["page"]}}
2024-11-26 18:34:33,412 - DEBUG - _process_command: add [] {'to': 'page', 'at': '0'}
2024-11-26 18:34:33,413 - DEBUG - sent to TCP: 56
2024-11-26 18:34:33,413 - DEBUG - _process_command: add [] {'to': 'page', 'at': '1'}
2024-11-26 18:34:33,413 - DEBUG - __send: {"action":"pageControlsBatch","payload":[{"action":"addPageControls","payload":{"controls":[{"t":"view","i":"_1","p":"page","c":["_2"],"at":"0"},{"t":"container","i":"_2","p":"_1","c":["_3"],"alignment":"{\"x\":0,\"y\":0}","expand":"1","gradient":"{\"colors\":[\"#b2f3f6\",\"#9c96e1\"],\"tile_mode\":\"clamp\",\"stops\":[0.0,1.0],\"center\":{\"x\":0.0,\"y\":0.0},\"radius\":1.0,\"focal_radius\":0.0,\"type\":\"radial\"}"},{"t":"column","i":"_3","p":"_2","c":["_4"],"alignment":"center","n":"content","spacing":"20"},{"t":"image","i":"_4","p":"_3","c":[],"height":"200","src":"img/logoanimada.gif","width":"200"}],"trimIDs":[]}},{"action":"addPageControls","payload":{"controls":[{"t":"offstage","i":"_5","p":"page","c":[],"at":"1"}],"trimIDs":[]}}]}
2024-11-26 18:34:33,414 - DEBUG - sent to TCP: 753
2024-11-26 18:34:34,978 - DEBUG - _on_message: {"action":"updateControlProps","payload":{"props":[{"i":"page","windowwidth":"1280.0","windowheight":"720.0","windowtop":"4.0","windowleft":"612.0","windowminimized":"false","windowmaximized":"false","windowfocused":"true","windowfullscreen":"false"}]}}
2024-11-26 18:34:34,979 - DEBUG - page.on_event_async: page change [{"i":"page","windowwidth":"1280.0","windowheight":"720.0","windowtop":"4.0","windowleft":"612.0","windowminimized":"false","windowmaximized":"false","windowfocused":"true","windowfullscreen":"false"}]
2024-11-26 18:34:34,979 - DEBUG - _on_message: {"action":"pageEventFromWeb","payload":{"eventTarget":"page","eventName":"window_event","eventData":"moved"}}
2024-11-26 18:34:34,979 - DEBUG - page.on_event_async: page window_event moved
2024-11-26 18:34:36,415 - DEBUG - _process_command: clean ['page'] {}
2024-11-26 18:34:36,415 - DEBUG - __send: {"action":"cleanControl","payload":{"ids":["page"]}}
2024-11-26 18:34:36,417 - DEBUG - _process_command: set ['page'] {'title': 'Menu'}
2024-11-26 18:34:36,418 - DEBUG - _process_command: add [] {'to': 'page', 'at': '0'}
2024-11-26 18:34:36,418 - DEBUG - sent to TCP: 56
2024-11-26 18:34:36,419 - DEBUG - _process_command: add [] {'to': 'page', 'at': '1'}
2024-11-26 18:34:36,430 - DEBUG - __send: {"action":"pageControlsBatch","payload":[{"action":"updateControlProps","payload":{"props":[{"i":"page","title":"Menu"}]}},{"action":"addPageControls","payload":{"controls":[{"t":"view","i":"_1","p":"page","c":["_6"],"at":"0"},{"t":"container","i":"_6","p":"_1","c":["_7"],"alignment":"{\"x\":0,\"y\":0}","expand":"1","gradient":"{\"colors\":[\"#78d1cd\",\"#9c96e1\"],\"tile_mode\":\"clamp\",\"stops\":[0.0,1.0],\"center\":{\"x\":0.0,\"y\":0.0},\"radius\":1.0,\"focal_radius\":0.0,\"type\":\"radial\"}"},{"t":"column","i":"_7","p":"_6","c":["_8","_9"],"alignment":"center","horizontalalignment":"center","n":"content","spacing":"20"},{"t":"image","i":"_8","p":"_7","c":[],"height":"250","src":"img/logoanimada.gif","width":"250"},{"t":"column","i":"_9","p":"_7","c":["_10","_12","_14"],"alignment":"center","spacing":"20"},{"t":"gesturedetector","i":"_10","p":"_9","c":["_11"],"mousecursor":"click","ontap":"true"},{"t":"image","i":"_11","p":"_10","c":[],"height":"100","n":"content","src":"img/CadastrarBt.png","width":"200"},{"t":"gesturedetector","i":"_12","p":"_9","c":["_13"],"mousecursor":"click","ontap":"true"},{"t":"image","i":"_13","p":"_12","c":[],"height":"100","n":"content","src":"img/LogarBt.png","width":"200"},{"t":"gesturedetector","i":"_14","p":"_9","c":["_15"],"mousecursor":"click","ontap":"true"},{"t":"image","i":"_15","p":"_14","c":[],"height":"100","n":"content","src":"img/SairBt.png","width":"200"}],"trimIDs":[]}},{"action":"addPageControls","payload":{"controls":[{"t":"offstage","i":"_5","p":"page","c":[],"at":"1"}],"trimIDs":[]}}]}
2024-11-26 18:34:36,434 - DEBUG - sent to TCP: 1567
2024-11-26 18:34:37,225 - DEBUG - _on_message: {"action":"pageEventFromWeb","payload":{"eventTarget":"_12","eventName":"tap","eventData":""}}
2024-11-26 18:34:37,226 - DEBUG - page.on_event_async: _12 tap 
2024-11-26 18:34:37,226 - DEBUG - _process_command: clean ['page'] {}
2024-11-26 18:34:37,226 - DEBUG - __send: {"action":"cleanControl","payload":{"ids":["page"]}}
2024-11-26 18:34:37,227 - DEBUG - sent to TCP: 56
2024-11-26 18:34:37,227 - INFO - Conexão ao banco de dados estabelecida.
2024-11-26 18:34:37,228 - INFO - Tabela de usuários criada ou já existe.
2024-11-26 18:34:37,228 - DEBUG - _process_command: set ['page'] {'title': 'Login'}
2024-11-26 18:34:37,228 - DEBUG - _process_command: add [] {'to': 'page', 'at': '0'}
2024-11-26 18:34:37,229 - DEBUG - _process_command: add [] {'to': 'page', 'at': '1'}
2024-11-26 18:34:37,229 - DEBUG - __send: {"action":"pageControlsBatch","payload":[{"action":"updateControlProps","payload":{"props":[{"i":"page","title":"Login"}]}},{"action":"addPageControls","payload":{"controls":[{"t":"view","i":"_1","p":"page","c":["_16"],"at":"0"},{"t":"container","i":"_16","p":"_1","c":["_17"],"alignment":"{\"x\":0,\"y\":0}","expand":"1","gradient":"{\"colors\":[\"#78d1cd\",\"#9c96e1\"],\"tile_mode\":\"clamp\",\"stops\":[0.0,1.0],\"center\":{\"x\":0.0,\"y\":0.0},\"radius\":1.0,\"focal_radius\":0.0,\"type\":\"radial\"}"},{"t":"column","i":"_17","p":"_16","c":["_18","_19","_20","_21","_22"],"alignment":"center","horizontalalignment":"center","n":"content","spacing":"20"},{"t":"image","i":"_18","p":"_17","c":[],"height":"300","src":"img/logoanimada.gif","width":"300"},{"t":"textfield","i":"_19","p":"_17","c":[],"bgcolor":"#8c68ca","bordercolor":"#aeeef0","borderwidth":"2","color":"#aeeef0","filled":"true","hinttext":"Digite seu usu\u00e1rio","label":"Usu\u00e1rio","width":"300"},{"t":"textfield","i":"_20","p":"_17","c":[],"bgcolor":"#8c68ca","bordercolor":"#aeeef0","borderwidth":"2","color":"#aeeef0","filled":"true","hinttext":"Digite sua senha","label":"Senha","password":"true","width":"300"},{"t":"elevatedbutton","i":"_21","p":"_17","c":[],"text":"Login"},{"t":"textbutton","i":"_22","p":"_17","c":[],"style":"{\"color\":\"black\"}","text":"Voltar Ao Menu"}],"trimIDs":[]}},{"action":"addPageControls","payload":{"controls":[{"t":"offstage","i":"_5","p":"page","c":[],"at":"1"}],"trimIDs":[]}}]}
2024-11-26 18:34:37,229 - DEBUG - sent to TCP: 1500
2024-11-26 18:34:37,853 - DEBUG - _on_message: {"action":"pageEventFromWeb","payload":{"eventTarget":"_19","eventName":"focus","eventData":""}}
2024-11-26 18:34:37,853 - DEBUG - page.on_event_async: _19 focus 
2024-11-26 18:34:38,055 - DEBUG - _on_message: {"action":"updateControlProps","payload":{"props":[{"i":"_19","value":"."}]}}
2024-11-26 18:34:38,055 - DEBUG - page.on_event_async: page change [{"i":"_19","value":"."}]
2024-11-26 18:34:38,260 - DEBUG - _on_message: {"action":"pageEventFromWeb","payload":{"eventTarget":"_19","eventName":"blur","eventData":""}}
2024-11-26 18:34:38,260 - DEBUG - page.on_event_async: _19 blur 
2024-11-26 18:34:38,260 - DEBUG - _on_message: {"action":"pageEventFromWeb","payload":{"eventTarget":"_20","eventName":"focus","eventData":""}}
2024-11-26 18:34:38,261 - DEBUG - page.on_event_async: _20 focus 
2024-11-26 18:34:38,425 - DEBUG - _on_message: {"action":"updateControlProps","payload":{"props":[{"i":"_20","value":"."}]}}
2024-11-26 18:34:38,425 - DEBUG - page.on_event_async: page change [{"i":"_20","value":"."}]
2024-11-26 18:34:38,859 - DEBUG - _on_message: {"action":"pageEventFromWeb","payload":{"eventTarget":"_20","eventName":"blur","eventData":""}}
2024-11-26 18:34:38,860 - DEBUG - page.on_event_async: _20 blur 
2024-11-26 18:34:38,969 - DEBUG - _on_message: {"action":"pageEventFromWeb","payload":{"eventTarget":"_21","eventName":"click","eventData":""}}
2024-11-26 18:34:38,969 - DEBUG - page.on_event_async: _21 click 
2024-11-26 18:34:38,970 - INFO - Botão de login clicado. Usuário: '.'
2024-11-26 18:34:38,970 - INFO - Usuário '.' encontrado e senha corresponde.
2024-11-26 18:34:38,971 - INFO - Usuário '.' fez login com sucesso.
2024-11-26 18:34:38,971 - DEBUG - _process_command: clean ['page'] {}
2024-11-26 18:34:38,971 - DEBUG - __send: {"action":"cleanControl","payload":{"ids":["page"]}}
2024-11-26 18:34:38,973 - DEBUG - _process_command: set ['page'] {'title': 'Categorias'}
2024-11-26 18:34:38,973 - DEBUG - _process_command: add [] {'to': 'page', 'at': '0'}
2024-11-26 18:34:38,974 - DEBUG - sent to TCP: 56
2024-11-26 18:34:38,974 - DEBUG - _process_command: add [] {'to': 'page', 'at': '1'}
2024-11-26 18:34:38,974 - DEBUG - __send: {"action":"pageControlsBatch","payload":[{"action":"updateControlProps","payload":{"props":[{"i":"page","title":"Categorias"}]}},{"action":"addPageControls","payload":{"controls":[{"t":"view","i":"_1","p":"page","c":["_23"],"at":"0"},{"t":"container","i":"_23","p":"_1","c":["_24"],"gradient":"{\"colors\":[\"#e5f6f8\",\"#f2feff\"],\"tile_mode\":\"clamp\",\"begin\":{\"x\":0,\"y\":-1},\"end\":{\"x\":0,\"y\":1},\"type\":\"linear\"}","height":"681.0"},{"t":"column","i":"_24","p":"_23","c":["_25","_48","_49"],"alignment":"start","n":"content"},{"t":"column","i":"_25","p":"_24","c":["_26","_29"],"alignment":"center","spacing":"20"},{"t":"container","i":"_26","p":"_25","c":["_27"],"gradient":"{\"colors\":[\"#93e4ed\",\"#e7baff\",\"#93e4ed\"],\"tile_mode\":\"clamp\",\"begin\":{\"x\":-1,\"y\":0},\"end\":{\"x\":1,\"y\":0},\"type\":\"linear\"}","height":"100","width":"1264.0"},{"t":"row","i":"_27","p":"_26","c":["_28"],"alignment":"center","n":"content"},{"t":"image","i":"_28","p":"_27","c":[],"src":"img/BannerCateg.png"},{"t":"column","i":"_29","p":"_25","c":["_30","_39"],"alignment":"center"},{"t":"row","i":"_30","p":"_29","c":["_31","_35"],"alignment":"center"},{"t":"textbutton","i":"_31","p":"_30","c":["_32"],"style":"{\"overlay_color\":\"transparent\",\"shape\":{\"\":{\"radius\":10,\"type\":\"roundedRectangle\"}}}"},{"t":"container","i":"_32","p":"_31","c":["_33"],"bgcolor":"transparent","borderradius":"10","height":"150","margin":"10","n":"content","padding":"10","width":"150"},{"t":"stack","i":"_33","p":"_32","c":["_34"],"n":"content"},{"t":"image","i":"_34","p":"_33","c":[],"fit":"cover","height":"150","src":"img/categoria_animais.png","width":"150"},{"t":"textbutton","i":"_35","p":"_30","c":["_36"],"style":"{\"overlay_color\":\"transparent\",\"shape\":{\"\":{\"radius\":10,\"type\":\"roundedRectangle\"}}}"},{"t":"container","i":"_36","p":"_35","c":["_37"],"bgcolor":"transparent","borderradius":"10","height":"150","margin":"10","n":"content","padding":"10","width":"150"},{"t":"stack","i":"_37","p":"_36","c":["_38"],"n":"content"},{"t":"image","i":"_38","p":"_37","c":[],"fit":"cover","height":"150","src":"img/categoria_filmes.png","width":"150"},{"t":"row","i":"_39","p":"_29","c":["_40","_44"],"alignment":"center"},{"t":"textbutton","i":"_40","p":"_39","c":["_41"],"style":"{\"overlay_color\":\"transparent\",\"shape\":{\"\":{\"radius\":10,\"type\":\"roundedRectangle\"}}}"},{"t":"container","i":"_41","p":"_40","c":["_42"],"bgcolor":"transparent","borderradius":"10","height":"150","margin":"10","n":"content","padding":"10","width":"150"},{"t":"stack","i":"_42","p":"_41","c":["_43"],"n":"content"},{"t":"image","i":"_43","p":"_42","c":[],"fit":"cover","height":"150","src":"img/categoria_acao.png","width":"150"},{"t":"textbutton","i":"_44","p":"_39","c":["_45"],"style":"{\"overlay_color\":\"transparent\",\"shape\":{\"\":{\"radius\":10,\"type\":\"roundedRectangle\"}}}"},{"t":"container","i":"_45","p":"_44","c":["_46"],"bgcolor":"transparent","borderradius":"10","height":"150","margin":"10","n":"content","padding":"10","width":"150"},{"t":"stack","i":"_46","p":"_45","c":["_47"],"n":"content"},{"t":"image","i":"_47","p":"_46","c":[],"fit":"cover","height":"150","src":"img/categoria_desenhos.png","width":"150"},{"t":"container","i":"_48","p":"_24","c":[],"expand":"1"},{"t":"container","i":"_49","p":"_24","c":["_50"],"bgcolor":"#93e4ed"},{"t":"row","i":"_50","p":"_49","c":["_51","_52","_53"],"alignment":"spaceAround","height":"60","n":"content"},{"t":"textbutton","i":"_51","p":"_50","c":[],"style":"{\"color\":\"black\"}","text":"Rank"},{"t":"textbutton","i":"_52","p":"_50","c":[],"style":"{\"color\":\"black\"}","text":"Temas"},{"t":"textbutton","i":"_53","p":"_50","c":[],"style":"{\"color\":\"black\"}","text":"Configura\u00e7\u00e3o"}],"trimIDs":[]}},{"action":"addPageControls","payload":{"controls":[{"t":"offstage","i":"_5","p":"page","c":[],"at":"1"}],"trimIDs":[]}}]}
2024-11-26 18:34:38,975 - DEBUG - sent to TCP: 3929
2024-11-26 18:34:39,939 - DEBUG - _on_message: {"action":"pageEventFromWeb","payload":{"eventTarget":"_51","eventName":"click","eventData":""}}
2024-11-26 18:34:39,939 - DEBUG - page.on_event_async: _51 click 
2024-11-26 18:34:39,940 - DEBUG - _process_command: clean ['page'] {}
2024-11-26 18:34:39,941 - DEBUG - __send: {"action":"cleanControl","payload":{"ids":["page"]}}
2024-11-26 18:34:39,941 - DEBUG - sent to TCP: 56
2024-11-26 18:34:40,997 - DEBUG - _on_message: {"action":"pageEventFromWeb","payload":{"eventTarget":"page","eventName":"app_lifecycle_state_change","eventData":"inactive"}}
2024-11-26 18:34:40,997 - DEBUG - page.on_event_async: page app_lifecycle_state_change inactive
2024-11-26 18:34:40,998 - DEBUG - _on_message: {"action":"pageEventFromWeb","payload":{"eventTarget":"page","eventName":"app_lifecycle_state_change","eventData":"hide"}}
2024-11-26 18:34:40,998 - DEBUG - page.on_event_async: page app_lifecycle_state_change hide
2024-11-26 18:34:41,133 - DEBUG - Flet View process 8868
2024-11-26 18:34:41,133 - DEBUG - Closing connection...
2024-11-26 18:34:41,134 - DEBUG - Disconnecting all pages...
2024-11-26 18:34:41,134 - DEBUG - page.on_event_async: page disconnect 
2024-11-26 18:34:41,134 - DEBUG - Shutting down thread pool...
